{"/workspaces/Project-Myriad/mobile/features.js": {"path":"/workspaces/Project-Myriad/mobile/features.js","statementMap":{"0":{"start":{"line":3,"column":0},"end":{"line":8,"column":1}},"1":{"start":{"line":4,"column":2},"end":{"line":4,"column":46}},"2":{"start":{"line":7,"column":2},"end":{"line":7,"column":43}},"3":{"start":{"line":10,"column":24},"end":{"line":110,"column":1}},"4":{"start":{"line":113,"column":33},"end":{"line":118,"column":1}},"5":{"start":{"line":114,"column":26},"end":{"line":114,"column":37}},"6":{"start":{"line":115,"column":2},"end":{"line":117,"column":4}},"7":{"start":{"line":116,"column":4},"end":{"line":116,"column":84}},"8":{"start":{"line":120,"column":26},"end":{"line":122,"column":1}},"9":{"start":{"line":121,"column":2},"end":{"line":121,"column":53}},"10":{"start":{"line":121,"column":34},"end":{"line":121,"column":51}},"11":{"start":{"line":124,"column":33},"end":{"line":126,"column":1}},"12":{"start":{"line":125,"column":2},"end":{"line":125,"column":76}},"13":{"start":{"line":125,"column":47},"end":{"line":125,"column":74}},"14":{"start":{"line":128,"column":31},"end":{"line":130,"column":1}},"15":{"start":{"line":129,"column":2},"end":{"line":129,"column":74}},"16":{"start":{"line":129,"column":47},"end":{"line":129,"column":72}},"17":{"start":{"line":133,"column":37},"end":{"line":145,"column":1}},"18":{"start":{"line":134,"column":21},"end":{"line":141,"column":3}},"19":{"start":{"line":143,"column":21},"end":{"line":143,"column":47}},"20":{"start":{"line":144,"column":2},"end":{"line":144,"column":80}},"21":{"start":{"line":144,"column":47},"end":{"line":144,"column":78}},"22":{"start":{"line":148,"column":38},"end":{"line":176,"column":1}},"23":{"start":{"line":149,"column":22},"end":{"line":170,"column":3}},"24":{"start":{"line":172,"column":29},"end":{"line":172,"column":51}},"25":{"start":{"line":173,"column":2},"end":{"line":173,"column":37}},"26":{"start":{"line":173,"column":27},"end":{"line":173,"column":37}},"27":{"start":{"line":175,"column":2},"end":{"line":175,"column":47}},"28":{"start":{"line":179,"column":38},"end":{"line":247,"column":1}},"29":{"start":{"line":180,"column":18},"end":{"line":244,"column":3}},"30":{"start":{"line":246,"column":2},"end":{"line":246,"column":34}},"31":{"start":{"line":250,"column":29},"end":{"line":250,"column":31}},"32":{"start":{"line":253,"column":0},"end":{"line":266,"column":1}},"33":{"start":{"line":254,"column":2},"end":{"line":254,"column":70}},"34":{"start":{"line":255,"column":2},"end":{"line":255,"column":66}},"35":{"start":{"line":256,"column":2},"end":{"line":256,"column":78}},"36":{"start":{"line":257,"column":2},"end":{"line":257,"column":62}},"37":{"start":{"line":258,"column":2},"end":{"line":258,"column":62}},"38":{"start":{"line":261,"column":2},"end":{"line":261,"column":39}},"39":{"start":{"line":262,"column":2},"end":{"line":262,"column":37}},"40":{"start":{"line":263,"column":2},"end":{"line":263,"column":43}},"41":{"start":{"line":264,"column":2},"end":{"line":264,"column":35}},"42":{"start":{"line":265,"column":2},"end":{"line":265,"column":35}},"43":{"start":{"line":269,"column":39},"end":{"line":275,"column":1}},"44":{"start":{"line":270,"column":2},"end":{"line":274,"column":3}},"45":{"start":{"line":271,"column":4},"end":{"line":271,"column":51}},"46":{"start":{"line":273,"column":4},"end":{"line":273,"column":17}},"47":{"start":{"line":278,"column":37},"end":{"line":293,"column":1}},"48":{"start":{"line":279,"column":2},"end":{"line":292,"column":4}},"49":{"start":{"line":296,"column":38},"end":{"line":306,"column":1}},"50":{"start":{"line":297,"column":23},"end":{"line":297,"column":46}},"51":{"start":{"line":299,"column":2},"end":{"line":305,"column":4}},"52":{"start":{"line":309,"column":31},"end":{"line":314,"column":1}},"53":{"start":{"line":316,"column":34},"end":{"line":318,"column":1}},"54":{"start":{"line":317,"column":2},"end":{"line":317,"column":45}},"55":{"start":{"line":321,"column":35},"end":{"line":326,"column":1}},"56":{"start":{"line":328,"column":41},"end":{"line":344,"column":1}},"57":{"start":{"line":329,"column":30},"end":{"line":329,"column":63}},"58":{"start":{"line":330,"column":29},"end":{"line":330,"column":31}},"59":{"start":{"line":332,"column":2},"end":{"line":340,"column":3}},"60":{"start":{"line":333,"column":4},"end":{"line":339,"column":5}},"61":{"start":{"line":335,"column":21},"end":{"line":335,"column":56}},"62":{"start":{"line":336,"column":6},"end":{"line":336,"column":60}},"63":{"start":{"line":338,"column":6},"end":{"line":338,"column":45}},"64":{"start":{"line":342,"column":2},"end":{"line":342,"column":69}},"65":{"start":{"line":343,"column":2},"end":{"line":343,"column":28}},"66":{"start":{"line":347,"column":26},"end":{"line":350,"column":1}},"67":{"start":{"line":349,"column":2},"end":{"line":349,"column":19}},"68":{"start":{"line":353,"column":45},"end":{"line":394,"column":1}},"69":{"start":{"line":354,"column":2},"end":{"line":393,"column":3}},"70":{"start":{"line":357,"column":4},"end":{"line":366,"column":5}},"71":{"start":{"line":358,"column":6},"end":{"line":358,"column":82}},"72":{"start":{"line":361,"column":6},"end":{"line":365,"column":8}},"73":{"start":{"line":362,"column":23},"end":{"line":362,"column":44}},"74":{"start":{"line":363,"column":23},"end":{"line":363,"column":40}},"75":{"start":{"line":364,"column":26},"end":{"line":364,"column":43}},"76":{"start":{"line":368,"column":28},"end":{"line":368,"column":73}},"77":{"start":{"line":369,"column":29},"end":{"line":369,"column":75}},"78":{"start":{"line":370,"column":28},"end":{"line":370,"column":73}},"79":{"start":{"line":372,"column":4},"end":{"line":374,"column":5}},"80":{"start":{"line":373,"column":6},"end":{"line":373,"column":73}},"81":{"start":{"line":376,"column":4},"end":{"line":378,"column":5}},"82":{"start":{"line":377,"column":6},"end":{"line":377,"column":75}},"83":{"start":{"line":380,"column":4},"end":{"line":385,"column":5}},"84":{"start":{"line":381,"column":23},"end":{"line":381,"column":50}},"85":{"start":{"line":382,"column":6},"end":{"line":384,"column":7}},"86":{"start":{"line":383,"column":8},"end":{"line":383,"column":94}},"87":{"start":{"line":388,"column":4},"end":{"line":390,"column":5}},"88":{"start":{"line":389,"column":6},"end":{"line":389,"column":50}},"89":{"start":{"line":392,"column":4},"end":{"line":392,"column":72}},"90":{"start":{"line":397,"column":28},"end":{"line":421,"column":4}},"91":{"start":{"line":398,"column":2},"end":{"line":420,"column":3}},"92":{"start":{"line":399,"column":27},"end":{"line":399,"column":50}},"93":{"start":{"line":400,"column":4},"end":{"line":408,"column":6}},"94":{"start":{"line":411,"column":4},"end":{"line":419,"column":6}},"95":{"start":{"line":424,"column":0},"end":{"line":424,"column":32}}},"fnMap":{"0":{"name":"(anonymous_0)","decl":{"start":{"line":113,"column":33},"end":{"line":113,"column":34}},"loc":{"start":{"line":113,"column":39},"end":{"line":118,"column":1}},"line":113},"1":{"name":"(anonymous_1)","decl":{"start":{"line":115,"column":25},"end":{"line":115,"column":26}},"loc":{"start":{"line":116,"column":4},"end":{"line":116,"column":84}},"line":116},"2":{"name":"(anonymous_2)","decl":{"start":{"line":120,"column":26},"end":{"line":120,"column":27}},"loc":{"start":{"line":120,"column":34},"end":{"line":122,"column":1}},"line":120},"3":{"name":"(anonymous_3)","decl":{"start":{"line":121,"column":23},"end":{"line":121,"column":24}},"loc":{"start":{"line":121,"column":34},"end":{"line":121,"column":51}},"line":121},"4":{"name":"(anonymous_4)","decl":{"start":{"line":124,"column":33},"end":{"line":124,"column":34}},"loc":{"start":{"line":124,"column":39},"end":{"line":126,"column":1}},"line":124},"5":{"name":"(anonymous_5)","decl":{"start":{"line":125,"column":36},"end":{"line":125,"column":37}},"loc":{"start":{"line":125,"column":47},"end":{"line":125,"column":74}},"line":125},"6":{"name":"(anonymous_6)","decl":{"start":{"line":128,"column":31},"end":{"line":128,"column":32}},"loc":{"start":{"line":128,"column":37},"end":{"line":130,"column":1}},"line":128},"7":{"name":"(anonymous_7)","decl":{"start":{"line":129,"column":36},"end":{"line":129,"column":37}},"loc":{"start":{"line":129,"column":47},"end":{"line":129,"column":72}},"line":129},"8":{"name":"(anonymous_8)","decl":{"start":{"line":133,"column":37},"end":{"line":133,"column":38}},"loc":{"start":{"line":133,"column":51},"end":{"line":145,"column":1}},"line":133},"9":{"name":"(anonymous_9)","decl":{"start":{"line":144,"column":36},"end":{"line":144,"column":37}},"loc":{"start":{"line":144,"column":47},"end":{"line":144,"column":78}},"line":144},"10":{"name":"(anonymous_10)","decl":{"start":{"line":148,"column":38},"end":{"line":148,"column":39}},"loc":{"start":{"line":148,"column":53},"end":{"line":176,"column":1}},"line":148},"11":{"name":"(anonymous_11)","decl":{"start":{"line":179,"column":38},"end":{"line":179,"column":39}},"loc":{"start":{"line":179,"column":53},"end":{"line":247,"column":1}},"line":179},"12":{"name":"(anonymous_12)","decl":{"start":{"line":269,"column":39},"end":{"line":269,"column":40}},"loc":{"start":{"line":269,"column":55},"end":{"line":275,"column":1}},"line":269},"13":{"name":"(anonymous_13)","decl":{"start":{"line":278,"column":37},"end":{"line":278,"column":38}},"loc":{"start":{"line":278,"column":43},"end":{"line":293,"column":1}},"line":278},"14":{"name":"(anonymous_14)","decl":{"start":{"line":296,"column":38},"end":{"line":296,"column":39}},"loc":{"start":{"line":296,"column":44},"end":{"line":306,"column":1}},"line":296},"15":{"name":"(anonymous_15)","decl":{"start":{"line":316,"column":34},"end":{"line":316,"column":35}},"loc":{"start":{"line":316,"column":49},"end":{"line":318,"column":1}},"line":316},"16":{"name":"(anonymous_16)","decl":{"start":{"line":328,"column":41},"end":{"line":328,"column":42}},"loc":{"start":{"line":328,"column":62},"end":{"line":344,"column":1}},"line":328},"17":{"name":"(anonymous_17)","decl":{"start":{"line":347,"column":26},"end":{"line":347,"column":27}},"loc":{"start":{"line":347,"column":48},"end":{"line":350,"column":1}},"line":347},"18":{"name":"(anonymous_18)","decl":{"start":{"line":353,"column":45},"end":{"line":353,"column":46}},"loc":{"start":{"line":353,"column":57},"end":{"line":394,"column":1}},"line":353},"19":{"name":"(anonymous_19)","decl":{"start":{"line":362,"column":17},"end":{"line":362,"column":18}},"loc":{"start":{"line":362,"column":23},"end":{"line":362,"column":44}},"line":362},"20":{"name":"(anonymous_20)","decl":{"start":{"line":363,"column":17},"end":{"line":363,"column":18}},"loc":{"start":{"line":363,"column":23},"end":{"line":363,"column":40}},"line":363},"21":{"name":"(anonymous_21)","decl":{"start":{"line":364,"column":20},"end":{"line":364,"column":21}},"loc":{"start":{"line":364,"column":26},"end":{"line":364,"column":43}},"line":364},"22":{"name":"(anonymous_22)","decl":{"start":{"line":397,"column":29},"end":{"line":397,"column":30}},"loc":{"start":{"line":397,"column":35},"end":{"line":421,"column":1}},"line":397}},"branchMap":{"0":{"loc":{"start":{"line":116,"column":4},"end":{"line":116,"column":84}},"type":"binary-expr","locations":[{"start":{"line":116,"column":4},"end":{"line":116,"column":47}},{"start":{"line":116,"column":51},"end":{"line":116,"column":84}}],"line":116},"1":{"loc":{"start":{"line":143,"column":21},"end":{"line":143,"column":47}},"type":"binary-expr","locations":[{"start":{"line":143,"column":21},"end":{"line":143,"column":41}},{"start":{"line":143,"column":45},"end":{"line":143,"column":47}}],"line":143},"2":{"loc":{"start":{"line":173,"column":2},"end":{"line":173,"column":37}},"type":"if","locations":[{"start":{"line":173,"column":2},"end":{"line":173,"column":37}},{"start":{},"end":{}}],"line":173},"3":{"loc":{"start":{"line":175,"column":9},"end":{"line":175,"column":46}},"type":"binary-expr","locations":[{"start":{"line":175,"column":9},"end":{"line":175,"column":40}},{"start":{"line":175,"column":44},"end":{"line":175,"column":46}}],"line":175},"4":{"loc":{"start":{"line":182,"column":19},"end":{"line":182,"column":51}},"type":"cond-expr","locations":[{"start":{"line":182,"column":46},"end":{"line":182,"column":47}},{"start":{"line":182,"column":50},"end":{"line":182,"column":51}}],"line":182},"5":{"loc":{"start":{"line":246,"column":9},"end":{"line":246,"column":33}},"type":"binary-expr","locations":[{"start":{"line":246,"column":9},"end":{"line":246,"column":27}},{"start":{"line":246,"column":31},"end":{"line":246,"column":33}}],"line":246},"6":{"loc":{"start":{"line":286,"column":17},"end":{"line":286,"column":68}},"type":"binary-expr","locations":[{"start":{"line":286,"column":17},"end":{"line":286,"column":42}},{"start":{"line":286,"column":46},"end":{"line":286,"column":68}}],"line":286},"7":{"loc":{"start":{"line":300,"column":18},"end":{"line":300,"column":58}},"type":"cond-expr","locations":[{"start":{"line":300,"column":41},"end":{"line":300,"column":47}},{"start":{"line":300,"column":50},"end":{"line":300,"column":58}}],"line":300},"8":{"loc":{"start":{"line":301,"column":23},"end":{"line":301,"column":54}},"type":"cond-expr","locations":[{"start":{"line":301,"column":45},"end":{"line":301,"column":48}},{"start":{"line":301,"column":51},"end":{"line":301,"column":54}}],"line":301},"9":{"loc":{"start":{"line":302,"column":19},"end":{"line":302,"column":76}},"type":"cond-expr","locations":[{"start":{"line":302,"column":47},"end":{"line":302,"column":59}},{"start":{"line":302,"column":62},"end":{"line":302,"column":76}}],"line":302},"10":{"loc":{"start":{"line":303,"column":18},"end":{"line":303,"column":46}},"type":"cond-expr","locations":[{"start":{"line":303,"column":41},"end":{"line":303,"column":42}},{"start":{"line":303,"column":45},"end":{"line":303,"column":46}}],"line":303},"11":{"loc":{"start":{"line":304,"column":17},"end":{"line":304,"column":45}},"type":"cond-expr","locations":[{"start":{"line":304,"column":40},"end":{"line":304,"column":41}},{"start":{"line":304,"column":44},"end":{"line":304,"column":45}}],"line":304},"12":{"loc":{"start":{"line":372,"column":4},"end":{"line":374,"column":5}},"type":"if","locations":[{"start":{"line":372,"column":4},"end":{"line":374,"column":5}},{"start":{},"end":{}}],"line":372},"13":{"loc":{"start":{"line":376,"column":4},"end":{"line":378,"column":5}},"type":"if","locations":[{"start":{"line":376,"column":4},"end":{"line":378,"column":5}},{"start":{},"end":{}}],"line":376},"14":{"loc":{"start":{"line":380,"column":4},"end":{"line":385,"column":5}},"type":"if","locations":[{"start":{"line":380,"column":4},"end":{"line":385,"column":5}},{"start":{},"end":{}}],"line":380},"15":{"loc":{"start":{"line":403,"column":16},"end":{"line":403,"column":104}},"type":"binary-expr","locations":[{"start":{"line":403,"column":16},"end":{"line":403,"column":30}},{"start":{"line":403,"column":35},"end":{"line":403,"column":60}},{"start":{"line":403,"column":64},"end":{"line":403,"column":103}}],"line":403}},"s":{"0":0,"1":0,"2":0,"3":0,"4":0,"5":0,"6":0,"7":0,"8":0,"9":0,"10":0,"11":0,"12":0,"13":0,"14":0,"15":0,"16":0,"17":0,"18":0,"19":0,"20":0,"21":0,"22":0,"23":0,"24":0,"25":0,"26":0,"27":0,"28":0,"29":0,"30":0,"31":0,"32":0,"33":0,"34":0,"35":0,"36":0,"37":0,"38":0,"39":0,"40":0,"41":0,"42":0,"43":0,"44":0,"45":0,"46":0,"47":0,"48":0,"49":0,"50":0,"51":0,"52":0,"53":0,"54":0,"55":0,"56":0,"57":0,"58":0,"59":0,"60":0,"61":0,"62":0,"63":0,"64":0,"65":0,"66":0,"67":0,"68":0,"69":0,"70":0,"71":0,"72":0,"73":0,"74":0,"75":0,"76":0,"77":0,"78":0,"79":0,"80":0,"81":0,"82":0,"83":0,"84":0,"85":0,"86":0,"87":0,"88":0,"89":0,"90":0,"91":0,"92":0,"93":0,"94":0,"95":0},"f":{"0":0,"1":0,"2":0,"3":0,"4":0,"5":0,"6":0,"7":0,"8":0,"9":0,"10":0,"11":0,"12":0,"13":0,"14":0,"15":0,"16":0,"17":0,"18":0,"19":0,"20":0,"21":0,"22":0},"b":{"0":[0,0],"1":[0,0],"2":[0,0],"3":[0,0],"4":[0,0],"5":[0,0],"6":[0,0],"7":[0,0],"8":[0,0],"9":[0,0],"10":[0,0],"11":[0,0],"12":[0,0],"13":[0,0],"14":[0,0],"15":[0,0,0]}}
}
