TN:
SF:features.js
FN:113,(anonymous_0)
FN:115,(anonymous_1)
FN:120,(anonymous_2)
FN:121,(anonymous_3)
FN:124,(anonymous_4)
FN:125,(anonymous_5)
FN:128,(anonymous_6)
FN:129,(anonymous_7)
FN:133,(anonymous_8)
FN:144,(anonymous_9)
FN:148,(anonymous_10)
FN:179,(anonymous_11)
FN:269,(anonymous_12)
FN:278,(anonymous_13)
FN:296,(anonymous_14)
FN:316,(anonymous_15)
FN:328,(anonymous_16)
FN:347,(anonymous_17)
FN:353,(anonymous_18)
FN:362,(anonymous_19)
FN:363,(anonymous_20)
FN:364,(anonymous_21)
FN:397,(anonymous_22)
FNF:23
FNH:0
FNDA:0,(anonymous_0)
FNDA:0,(anonymous_1)
FNDA:0,(anonymous_2)
FNDA:0,(anonymous_3)
FNDA:0,(anonymous_4)
FNDA:0,(anonymous_5)
FNDA:0,(anonymous_6)
FNDA:0,(anonymous_7)
FNDA:0,(anonymous_8)
FNDA:0,(anonymous_9)
FNDA:0,(anonymous_10)
FNDA:0,(anonymous_11)
FNDA:0,(anonymous_12)
FNDA:0,(anonymous_13)
FNDA:0,(anonymous_14)
FNDA:0,(anonymous_15)
FNDA:0,(anonymous_16)
FNDA:0,(anonymous_17)
FNDA:0,(anonymous_18)
FNDA:0,(anonymous_19)
FNDA:0,(anonymous_20)
FNDA:0,(anonymous_21)
FNDA:0,(anonymous_22)
DA:3,0
DA:4,0
DA:7,0
DA:10,0
DA:113,0
DA:114,0
DA:115,0
DA:116,0
DA:120,0
DA:121,0
DA:124,0
DA:125,0
DA:128,0
DA:129,0
DA:133,0
DA:134,0
DA:143,0
DA:144,0
DA:148,0
DA:149,0
DA:172,0
DA:173,0
DA:175,0
DA:179,0
DA:180,0
DA:246,0
DA:250,0
DA:253,0
DA:254,0
DA:255,0
DA:256,0
DA:257,0
DA:258,0
DA:261,0
DA:262,0
DA:263,0
DA:264,0
DA:265,0
DA:269,0
DA:270,0
DA:271,0
DA:273,0
DA:278,0
DA:279,0
DA:296,0
DA:297,0
DA:299,0
DA:309,0
DA:316,0
DA:317,0
DA:321,0
DA:328,0
DA:329,0
DA:330,0
DA:332,0
DA:333,0
DA:335,0
DA:336,0
DA:338,0
DA:342,0
DA:343,0
DA:347,0
DA:349,0
DA:353,0
DA:354,0
DA:357,0
DA:358,0
DA:361,0
DA:362,0
DA:363,0
DA:364,0
DA:368,0
DA:369,0
DA:370,0
DA:372,0
DA:373,0
DA:376,0
DA:377,0
DA:380,0
DA:381,0
DA:382,0
DA:383,0
DA:388,0
DA:389,0
DA:392,0
DA:397,0
DA:398,0
DA:399,0
DA:400,0
DA:411,0
DA:424,0
LF:91
LH:0
BRDA:116,0,0,0
BRDA:116,0,1,0
BRDA:143,1,0,0
BRDA:143,1,1,0
BRDA:173,2,0,0
BRDA:173,2,1,0
BRDA:175,3,0,0
BRDA:175,3,1,0
BRDA:182,4,0,0
BRDA:182,4,1,0
BRDA:246,5,0,0
BRDA:246,5,1,0
BRDA:286,6,0,0
BRDA:286,6,1,0
BRDA:300,7,0,0
BRDA:300,7,1,0
BRDA:301,8,0,0
BRDA:301,8,1,0
BRDA:302,9,0,0
BRDA:302,9,1,0
BRDA:303,10,0,0
BRDA:303,10,1,0
BRDA:304,11,0,0
BRDA:304,11,1,0
BRDA:372,12,0,0
BRDA:372,12,1,0
BRDA:376,13,0,0
BRDA:376,13,1,0
BRDA:380,14,0,0
BRDA:380,14,1,0
BRDA:403,15,0,0
BRDA:403,15,1,0
BRDA:403,15,2,0
BRF:33
BRH:0
end_of_record
